[03-06-2024 15:49.29] Método: GET. Url: /api/posts
[03-06-2024 15:49.31] Método: GET. Url: /api/posts/1
[03-06-2024 15:49.32] Método: POST. Url: /api/posts
[03-06-2024 15:49.36] Método: GET. Url: /api/autores
[03-06-2024 15:49.38] Método: GET. Url: /api/autores/
[03-06-2024 15:49.39] Método: GET. Url: /api/autores/
[03-06-2024 15:49.40] Método: GET. Url: /api/autores/
[03-06-2024 15:49.47] Método: GET. Url: /api/autores/autor/4
[03-06-2024 15:49.52] Método: GET. Url: /api/autores/autor/1
[03-06-2024 15:49.56] Método: POST. Url: /api/autores
[03-06-2024 15:49.59] Método: POST. Url: /api/autores
[03-06-2024 15:50.30] Método: POST. Url: /api/posts
[03-06-2024 15:50.30] Método: POST. Url: /api/posts
[03-06-2024 15:50.33] Método: POST. Url: /api/posts
[03-06-2024 15:50.37] Método: POST. Url: /api/posts
[03-06-2024 15:50.43] Método: POST. Url: /api/posts
[03-06-2024 15:52.13] Método: POST. Url: /api/posts
[03-06-2024 15:52.17] Método: POST. Url: /api/posts
[03-06-2024 15:52.18] Método: POST. Url: /api/posts
[03-06-2024 15:52.18] Método: POST. Url: /api/posts
[03-06-2024 15:52.18] Método: POST. Url: /api/posts
[03-06-2024 15:52.19] Método: POST. Url: /api/posts
[03-06-2024 15:52.42] Método: POST. Url: /api/posts
[03-06-2024 15:53.01] Método: POST. Url: /api/posts
[03-06-2024 15:53.20] Método: POST. Url: /api/posts
[03-06-2024 15:53.57] Método: POST. Url: /api/posts
[03-06-2024 15:54.11] Método: POST. Url: /api/posts
[03-06-2024 15:54.31] Método: POST. Url: /api/posts
[03-06-2024 15:54.33] Método: POST. Url: /api/posts
[03-06-2024 15:54.39] Método: POST. Url: /api/posts
[03-06-2024 15:54.42] Método: POST. Url: /api/posts
[03-06-2024 16:02.06] Método: POST. Url: /api/posts
[03-06-2024 16:02.06] Método: GET. Url: /api/posts/1
[03-06-2024 16:02.08] Método: GET. Url: /api/posts
[03-06-2024 16:02.12] Método: GET. Url: /api/autores
[03-06-2024 16:02.13] Método: GET. Url: /api/autores/autor/4
[03-06-2024 16:02.18] Método: GET. Url: /api/autores/autor/1
[03-06-2024 16:02.22] Método: POST. Url: /api/autores
[03-06-2024 16:02.27] Método: POST. Url: /api/autores
[03-06-2024 16:02.29] Método: GET. Url: /api/autores/autor/1
